#
# There is insufficient memory for the Java Runtime Environment to continue.
# Native memory allocation (mmap) failed to map 121634816 bytes for G1 virtual space
# Possible reasons:
#   The system is out of physical RAM or swap space
#   The process is running with CompressedOops enabled, and the Java Heap may be blocking the growth of the native heap
# Possible solutions:
#   Reduce memory load on the system
#   Increase physical memory or swap space
#   Check if swap backing store is full
#   Decrease Java heap size (-Xmx/-Xms)
#   Decrease number of Java threads
#   Decrease Java thread stack sizes (-Xss)
#   Set larger code cache with -XX:ReservedCodeCacheSize=
#   JVM is running with Unscaled Compressed Oops mode in which the Java heap is
#     placed in the first 4GB address space. The Java Heap base address is the
#     maximum limit for the native heap growth. Please use -XX:HeapBaseMinAddress
#     to set the Java Heap base and to place the Java Heap above 4GB virtual address.
# This output file may be truncated or incomplete.
#
#  Out of Memory Error (os_windows.cpp:3528), pid=7564, tid=15296
#
# JRE version:  (20.0.2+9) (build )
# Java VM: Java HotSpot(TM) 64-Bit Server VM (20.0.2+9-78, mixed mode, sharing, tiered, compressed oops, compressed class ptrs, g1 gc, windows-amd64)
# No core dump will be written. Minidumps are not enabled by default on client versions of Windows
#

---------------  S U M M A R Y ------------

Command Line: -Dfile.encoding=UTF-8 -Dstdout.encoding=UTF-8 -Dstderr.encoding=UTF-8 --module-path=D:\eclipse\JavaFXXX\openjfx-21.0.1_windows-x64_bin-sdk\javafx-sdk-21.0.1\lib\javafx.base.jar;D:\eclipse\JavaFXXX\openjfx-21.0.1_windows-x64_bin-sdk\javafx-sdk-21.0.1\lib\javafx.controls.jar;D:\eclipse\JavaFXXX\openjfx-21.0.1_windows-x64_bin-sdk\javafx-sdk-21.0.1\lib\javafx.fxml.jar;D:\eclipse\JavaFXXX\openjfx-21.0.1_windows-x64_bin-sdk\javafx-sdk-21.0.1\lib\javafx.graphics.jar;D:\eclipse\JavaFXXX\openjfx-21.0.1_windows-x64_bin-sdk\javafx-sdk-21.0.1\lib\javafx.media.jar;D:\eclipse\JavaFXXX\openjfx-21.0.1_windows-x64_bin-sdk\javafx-sdk-21.0.1\lib\javafx.swing.jar;D:\eclipse\JavaFXXX\openjfx-21.0.1_windows-x64_bin-sdk\javafx-sdk-21.0.1\lib\javafx.web.jar;D:\eclipse\JavaFXXX\openjfx-21.0.1_windows-x64_bin-sdk\javafx-sdk-21.0.1\lib\javafx-swt.jar -XX:+ShowCodeDetailsInExceptionMessages Functions.Function1

Host: AMD A10-5750M APU with Radeon(tm) HD Graphics  , 4 cores, 7G,  Windows 10 , 64 bit Build 19041 (10.0.19041.3636)
Time: Wed Dec 20 23:16:36 2023 SE Asia Standard Time elapsed time: 0.401278 seconds (0d 0h 0m 0s)

---------------  T H R E A D  ---------------

Current thread (0x00000178588bd7e0):  JavaThread "Unknown thread" [_thread_in_vm, id=15296, stack(0x0000004235f00000,0x0000004236000000)]

Stack: [0x0000004235f00000,0x0000004236000000]
Native frames: (J=compiled Java code, j=interpreted, Vv=VM code, C=native code)
V  [jvm.dll+0x6bc25a]
V  [jvm.dll+0x84971a]
V  [jvm.dll+0x84b315]
V  [jvm.dll+0x84ba13]
V  [jvm.dll+0x280e4f]
V  [jvm.dll+0x6b8fe9]
V  [jvm.dll+0x6adbca]
V  [jvm.dll+0x35b165]
V  [jvm.dll+0x363386]
V  [jvm.dll+0x3b400e]
V  [jvm.dll+0x3b4295]
V  [jvm.dll+0x32b86a]
V  [jvm.dll+0x32c68b]
V  [jvm.dll+0x8123df]
V  [jvm.dll+0x3c1261]
V  [jvm.dll+0x7fe103]
V  [jvm.dll+0x44ccaf]
V  [jvm.dll+0x44e621]
C  [jli.dll+0x5287]
C  [ucrtbase.dll+0x21bb2]
C  [KERNEL32.DLL+0x17344]
C  [ntdll.dll+0x526b1]


---------------  P R O C E S S  ---------------

Threads class SMR info:
_java_thread_list=0x00007ffcf3a8b118, length=0, elements={
}

Java Threads: ( => current thread )

Other Threads:
  0x0000017858917c10 WorkerThread "GC Thread#0" [stack: 0x0000004236000000,0x0000004236100000] [id=14332]
  0x00000178589271a0 ConcurrentGCThread "G1 Main Marker" [stack: 0x0000004236100000,0x0000004236200000] [id=10500]
  0x0000017858929520 WorkerThread "G1 Conc#0" [stack: 0x0000004236200000,0x0000004236300000] [id=1460]

[error occurred during error reporting (printing all threads), id 0xc0000005, EXCEPTION_ACCESS_VIOLATION (0xc0000005) at pc=0x00007ffcf326eea7]
VM state: not at safepoint (not fully initialized)

VM Mutex/Monitor currently owned by a thread:  ([mutex/lock_event])
[0x00000178588b70d0] Heap_lock - owner thread: 0x00000178588bd7e0

Heap address: 0x000000008cc00000, size: 1844 MB, Compressed Oops mode: 32-bit

CDS archive(s) mapped at: [0x0000000000000000-0x0000000000000000-0x0000000000000000), size 0, SharedBaseAddress: 0x0000000800000000, ArchiveRelocationMode: 1.
Narrow klass base: 0x0000000000000000, Narrow klass shift: 0, Narrow klass range: 0x0

GC Precious Log:
 CardTable entry size: 512
 Card Set container configuration: InlinePtr #cards 5 size 8 Array Of Cards #cards 12 size 40 Howl #buckets 4 coarsen threshold 1843 Howl Bitmap #cards 512 size 80 coarsen threshold 460 Card regions per heap region 1 cards per card region 2048

Heap:
 garbage-first heap   total 0K, used 0K [0x000000008cc00000, 0x0000000100000000)
  region size 1024K, 0 young (0K), 0 survivors (0K)

[error occurred during error reporting (printing heap information), id 0xc0000005, EXCEPTION_ACCESS_VIOLATION (0xc0000005) at pc=0x00007ffcf36447b9]
GC Heap History (0 events):
No events

Dll operation events (1 events):
Event: 0.069 Loaded shared library C:\Program Files\Java\jdk-20\bin\java.dll

Deoptimization events (0 events):
No events

Classes loaded (0 events):
No events

Classes unloaded (0 events):
No events

Classes redefined (0 events):
No events

Internal exceptions (0 events):
No events

VM Operations (0 events):
No events

Events (0 events):
No events


Dynamic libraries:
0x00007ff78e180000 - 0x00007ff78e190000 	C:\Program Files\Java\jdk-20\bin\javaw.exe
0x00007ffd51030000 - 0x00007ffd51228000 	C:\WINDOWS\SYSTEM32\ntdll.dll
0x00007ffd4fc90000 - 0x00007ffd4fd4d000 	C:\WINDOWS\System32\KERNEL32.DLL
0x00007ffd4ebe0000 - 0x00007ffd4eed6000 	C:\WINDOWS\System32\KERNELBASE.dll
0x00007ffd4eee0000 - 0x00007ffd4efe0000 	C:\WINDOWS\System32\ucrtbase.dll
0x00007ffd4a480000 - 0x00007ffd4a499000 	C:\Program Files\Java\jdk-20\bin\jli.dll
0x00007ffd50f40000 - 0x00007ffd50fef000 	C:\WINDOWS\System32\ADVAPI32.dll
0x00007ffd4f2e0000 - 0x00007ffd4f37e000 	C:\WINDOWS\System32\msvcrt.dll
0x00007ffd50690000 - 0x00007ffd5072c000 	C:\WINDOWS\System32\sechost.dll
0x00007ffd50230000 - 0x00007ffd50356000 	C:\WINDOWS\System32\RPCRT4.dll
0x00007ffd504f0000 - 0x00007ffd5068e000 	C:\WINDOWS\System32\USER32.dll
0x00007ffd4e900000 - 0x00007ffd4e922000 	C:\WINDOWS\System32\win32u.dll
0x00007ffd4fc40000 - 0x00007ffd4fc6c000 	C:\WINDOWS\System32\GDI32.dll
0x00007ffd4ea20000 - 0x00007ffd4eb3a000 	C:\WINDOWS\System32\gdi32full.dll
0x00007ffd4eb40000 - 0x00007ffd4ebdd000 	C:\WINDOWS\System32\msvcp_win.dll
0x00007ffd4a460000 - 0x00007ffd4a47b000 	C:\Program Files\Java\jdk-20\bin\VCRUNTIME140.dll
0x00007ffd3dce0000 - 0x00007ffd3df7a000 	C:\WINDOWS\WinSxS\amd64_microsoft.windows.common-controls_6595b64144ccf1df_6.0.19041.3636_none_60b6a03d71f818d5\COMCTL32.dll
0x00007ffd44d60000 - 0x00007ffd44d6a000 	C:\WINDOWS\SYSTEM32\VERSION.dll
0x00007ffd4fd50000 - 0x00007ffd4fd80000 	C:\WINDOWS\System32\IMM32.DLL
0x00007ffd4a530000 - 0x00007ffd4a53c000 	C:\Program Files\Java\jdk-20\bin\vcruntime140_1.dll
0x00007ffd43aa0000 - 0x00007ffd43b2e000 	C:\Program Files\Java\jdk-20\bin\msvcp140.dll
0x00007ffcf2f30000 - 0x00007ffcf3bc8000 	C:\Program Files\Java\jdk-20\bin\server\jvm.dll
0x00007ffd493e0000 - 0x00007ffd493e9000 	C:\WINDOWS\SYSTEM32\WSOCK32.dll
0x00007ffd4f270000 - 0x00007ffd4f2db000 	C:\WINDOWS\System32\WS2_32.dll
0x00007ffd44d30000 - 0x00007ffd44d57000 	C:\WINDOWS\SYSTEM32\WINMM.dll
0x00007ffd4c590000 - 0x00007ffd4c5a2000 	C:\WINDOWS\SYSTEM32\kernel.appcore.dll
0x00007ffd4a560000 - 0x00007ffd4a56a000 	C:\Program Files\Java\jdk-20\bin\jimage.dll
0x00007ffd2cf20000 - 0x00007ffd2d104000 	C:\WINDOWS\SYSTEM32\DBGHELP.DLL
0x00007ffd2cee0000 - 0x00007ffd2cf14000 	C:\WINDOWS\SYSTEM32\dbgcore.DLL
0x00007ffd4e870000 - 0x00007ffd4e8f2000 	C:\WINDOWS\System32\bcryptPrimitives.dll
0x00007ffd49a20000 - 0x00007ffd49a46000 	C:\Program Files\Java\jdk-20\bin\java.dll

dbghelp: loaded successfully - version: 4.0.5 - missing functions: none
symbol engine: initialized successfully - sym options: 0x614 - pdb path: .;C:\Program Files\Java\jdk-20\bin;C:\WINDOWS\SYSTEM32;C:\WINDOWS\WinSxS\amd64_microsoft.windows.common-controls_6595b64144ccf1df_6.0.19041.3636_none_60b6a03d71f818d5;C:\Program Files\Java\jdk-20\bin\server

VM Arguments:
jvm_args: -Dfile.encoding=UTF-8 -Dstdout.encoding=UTF-8 -Dstderr.encoding=UTF-8 --module-path=D:\eclipse\JavaFXXX\openjfx-21.0.1_windows-x64_bin-sdk\javafx-sdk-21.0.1\lib\javafx.base.jar;D:\eclipse\JavaFXXX\openjfx-21.0.1_windows-x64_bin-sdk\javafx-sdk-21.0.1\lib\javafx.controls.jar;D:\eclipse\JavaFXXX\openjfx-21.0.1_windows-x64_bin-sdk\javafx-sdk-21.0.1\lib\javafx.fxml.jar;D:\eclipse\JavaFXXX\openjfx-21.0.1_windows-x64_bin-sdk\javafx-sdk-21.0.1\lib\javafx.graphics.jar;D:\eclipse\JavaFXXX\openjfx-21.0.1_windows-x64_bin-sdk\javafx-sdk-21.0.1\lib\javafx.media.jar;D:\eclipse\JavaFXXX\openjfx-21.0.1_windows-x64_bin-sdk\javafx-sdk-21.0.1\lib\javafx.swing.jar;D:\eclipse\JavaFXXX\openjfx-21.0.1_windows-x64_bin-sdk\javafx-sdk-21.0.1\lib\javafx.web.jar;D:\eclipse\JavaFXXX\openjfx-21.0.1_windows-x64_bin-sdk\javafx-sdk-21.0.1\lib\javafx-swt.jar -XX:+ShowCodeDetailsInExceptionMessages 
java_command: Functions.Function1
java_class_path (initial): C:\Users\duyng\OneDrive - Hanoi University of Science and Technology\Desktop\New folder (2)\ProjectNFT\bin;C:\Users\duyng\OneDrive - Hanoi University of Science and Technology\Desktop\New folder (2)\ProjectNFT\lib\data-scraping-1.3.9.jar;C:\Users\duyng\OneDrive - Hanoi University of Science and Technology\Desktop\New folder (2)\ProjectNFT\lib\gson-2.10.1.jar;C:\Users\duyng\OneDrive - Hanoi University of Science and Technology\Desktop\New folder (2)\ProjectNFT\lib\jackson-annotations-2.9.0.jar;C:\Users\duyng\OneDrive - Hanoi University of Science and Technology\Desktop\New folder (2)\ProjectNFT\lib\jackson-core-2.9.5.jar;C:\Users\duyng\OneDrive - Hanoi University of Science and Technology\Desktop\New folder (2)\ProjectNFT\lib\jackson-databind-2.9.5.jar;C:\Users\duyng\OneDrive - Hanoi University of Science and Technology\Desktop\New folder (2)\ProjectNFT\lib\jsoup-1.17.1.jar;C:\Users\duyng\OneDrive - Hanoi University of Science and Technology\Desktop\New folder (2)\ProjectNFT\lib\selenium-chromium-driver-4.15.0.jar;C:\Users\duyng\OneDrive - Hanoi University of Science and Technology\Desktop\New folder (2)\ProjectNFT\lib\selenium-server-standalone-3.141.59.jar
Launcher Type: SUN_STANDARD

[Global flags]
     intx CICompilerCount                          = 3                                         {product} {ergonomic}
     uint ConcGCThreads                            = 1                                         {product} {ergonomic}
     uint G1ConcRefinementThreads                  = 4                                         {product} {ergonomic}
   size_t G1HeapRegionSize                         = 1048576                                   {product} {ergonomic}
    uintx GCDrainStackTargetSize                   = 64                                        {product} {ergonomic}
   size_t InitialHeapSize                          = 121634816                                 {product} {ergonomic}
   size_t MarkStackSize                            = 4194304                                   {product} {ergonomic}
   size_t MaxHeapSize                              = 1933574144                                {product} {ergonomic}
   size_t MinHeapDeltaBytes                        = 1048576                                   {product} {ergonomic}
   size_t MinHeapSize                              = 8388608                                   {product} {ergonomic}
    uintx NonNMethodCodeHeapSize                   = 5832780                                {pd product} {ergonomic}
    uintx NonProfiledCodeHeapSize                  = 122912730                              {pd product} {ergonomic}
    uintx ProfiledCodeHeapSize                     = 122912730                              {pd product} {ergonomic}
    uintx ReservedCodeCacheSize                    = 251658240                              {pd product} {ergonomic}
     bool SegmentedCodeCache                       = true                                      {product} {ergonomic}
     bool ShowCodeDetailsInExceptionMessages       = true                                   {manageable} {command line}
   size_t SoftMaxHeapSize                          = 1933574144                             {manageable} {ergonomic}
     bool UseCompressedClassPointers               = true                           {product lp64_product} {ergonomic}
     bool UseCompressedOops                        = true                           {product lp64_product} {ergonomic}
     bool UseG1GC                                  = true                                      {product} {ergonomic}
     bool UseLargePagesIndividualAllocation        = false                                  {pd product} {ergonomic}

Logging:
Log output configuration:
 #0: stdout all=warning uptime,level,tags foldmultilines=false
 #1: stderr all=off uptime,level,tags foldmultilines=false

Environment Variables:
JAVA_HOME=C:\Program Files\Java\jdk-20
PATH=C:/Program Files/Java/jdk-20/bin/server;C:/Program Files/Java/jdk-20/bin;C:\Program Files\Common Files\Oracle\Java\javapath;C:\WINDOWS\system32;C:\WINDOWS;C:\WINDOWS\System32\Wbem;C:\WINDOWS\System32\WindowsPowerShell\v1.0\;C:\WINDOWS\System32\OpenSSH\;C:\msys64\mingw64\bin;C:\Program Files\Microsoft SQL Server\Client SDK\ODBC\170\Tools\Binn\;C:\Program Files (x86)\Microsoft SQL Server\150\Tools\Binn\;C:\Program Files\Microsoft SQL Server\150\Tools\Binn\;C:\Program Files\Microsoft SQL Server\150\DTS\Binn\;C:\Program Files (x86)\Microsoft SQL Server\160\DTS\Binn\;C:\Program Files\Azure Data Studio\bin;C:\Program Files\dotnet\;C:\Program Files\Java\jdk-21\bin;C:\Program Files\Java\jdk-20\bin;C:\Program Files\Git\cmd;C:\Users\duyng\AppData\Local\Microsoft\WindowsApps;C:\Users\duyng\AppData\Local\Programs\Microsoft VS Code\bin;C:\Program Files\Azure Data Studio\bin;C:\Users\duyng\AppData\Local\GitHubDesktop\bin;C:\Program Files\JetBrains\IntelliJ IDEA Community Edition 2023.2.2\bin;;;C:\Users\duyng\OneDrive - Hanoi University of Science and Technology\Desktop;
USERNAME=duyng
OS=Windows_NT
PROCESSOR_IDENTIFIER=AMD64 Family 21 Model 19 Stepping 1, AuthenticAMD
TMP=C:\Users\duyng\AppData\Local\Temp
TEMP=C:\Users\duyng\AppData\Local\Temp




---------------  S Y S T E M  ---------------

OS:
 Windows 10 , 64 bit Build 19041 (10.0.19041.3636)
OS uptime: 0 days 6:41 hours
Hyper-V role detected

CPU: total 4 (initial active 4) (4 cores per cpu, 1 threads per core) family 21 model 19 stepping 1 microcode 0x0, cx8, cmov, fxsr, mmx, 3dnowpref, sse, sse2, sse3, ssse3, sse4a, sse4.1, sse4.2, popcnt, lzcnt, tsc, tscinvbit, avx, aes, clmul, bmi1, fma, vzeroupper, clflush, hv, rdtscp, f16c

Memory: 4k page, system-wide physical 7369M (502M free)
TotalPageFile size 9417M (AvailPageFile size 75M)
current process WorkingSet (physical memory assigned to process): 10M, peak: 10M
current process commit charge ("private bytes"): 51M, peak: 167M

vm_info: Java HotSpot(TM) 64-Bit Server VM (20.0.2+9-78) for windows-amd64 JRE (20.0.2+9-78), built on 2023-06-14T10:08:48Z by "mach5one" with MS VC++ 17.1 (VS2022)

END.
